<?xml version="1.0" encoding="UTF-8"?>
<!-- Generated by org.testng.reporters.JUnitReportReporter -->
<testsuite hostname="B2MLPV2" failures="0" tests="1" name="remoteTesting.ChromeTestTwo" time="11.238" errors="0" timestamp="25 nov. 2019 18:14:49 GMT" skipped="0">
  <testcase classname="remoteTesting.ChromeTestTwo" name="Test2" time="11.238"/>
</testsuite> <!-- remoteTesting.ChromeTestTwo -->
