<?xml version="1.0" encoding="UTF-8"?>
<!-- Generated by org.testng.reporters.JUnitReportReporter -->
<testsuite hostname="B2MLPV2" failures="0" tests="1" name="remoteTesting.ChromeTestThree" time="9.317" errors="0" timestamp="25 nov. 2019 18:14:49 GMT" skipped="0">
  <testcase classname="remoteTesting.ChromeTestThree" name="Test3" time="9.317"/>
</testsuite> <!-- remoteTesting.ChromeTestThree -->
